Arguments: 
  C:\Program Files\nodejs\node.exe C:\Users\HP\AppData\Roaming\npm\node_modules\yarn\bin\yarn.js install

PATH: 
  C:\Program Files (x86)\Intel\Intel(R) Management Engine Components\iCLS\;C:\Program Files\Intel\Intel(R) Management Engine Components\iCLS\;C:\WINDOWS\system32;C:\WINDOWS;C:\WINDOWS\System32\Wbem;C:\WINDOWS\System32\WindowsPowerShell\v1.0\;C:\WINDOWS\System32\OpenSSH\;C:\Program Files (x86)\Intel\Intel(R) Management Engine Components\DAL;C:\Program Files\Intel\Intel(R) Management Engine Components\DAL;C:\Program Files (x86)\Intel\Intel(R) Management Engine Components\IPT;C:\Program Files\Intel\Intel(R) Management Engine Components\IPT;C:\Program Files (x86)\NVIDIA Corporation\PhysX\Common;E:\Program Files\cmder;C:\Program Files\dotnet\;C:\Program Files\TortoiseSVN\bin;C:\Users\HP\AppData\Roaming\npm\node_modules;C:\Program Files\Microsoft SQL Server\130\Tools\Binn\;C:\Program Files\MongoDB\Server\4.0\bin;C:\Program Files\Git\cmd;C:\Program Files\Intel\WiFi\bin\;C:\Program Files\Common Files\Intel\WirelessCommon\;C:\WINDOWS\system32;C:\WINDOWS;C:\WINDOWS\System32\Wbem;C:\WINDOWS\System32\WindowsPowerShell\v1.0\;C:\WINDOWS\System32\OpenSSH\;C:\Program Files\nodejs\;C:\Users\HP\AppData\Local\Programs\Python\Python37\Scripts\;C:\Users\HP\AppData\Local\Programs\Python\Python37\;C:\Users\HP\AppData\Local\Microsoft\WindowsApps;C:\Program Files\Intel\WiFi\bin\;C:\Program Files\Common Files\Intel\WirelessCommon\;E:\Program Files\Microsoft VS Code\bin;C:\Users\HP\AppData\Local\Programs\Fiddler;C:\Users\HP\AppData\Roaming\npm;%USERPROFILE%\AppData\Local\Microsoft\WindowsApps;

Yarn version: 
  1.10.1

Node version: 
  10.15.3

Platform: 
  win32 x64

Trace: 
  Error: ENOENT: no such file or directory, copyfile 'C:\Users\HP\AppData\Local\Yarn\Cache\v2\npm-koa-compose-4.1.0-507306b9371901db41121c812e923d0d67d3e877\History.md' -> 'D:\test\kkb_practice\koa-project\node_modules\koa\node_modules\koa-compose\History.md'

npm manifest: 
  {
    "name": "koa-demo",
    "version": "1.0.0",
    "description": "",
    "main": "index.js",
    "scripts": {
      "test": "echo \"Error: no test specified\" && exit 1"
    },
    "keywords": [],
    "author": "",
    "license": "ISC",
    "devDependencies": {
      "await-fs": "^1.0.0",
      "co-mysql": "^1.0.0",
      "koa": "^2.7.0",
      "koa-better-body": "^3.0.4",
      "koa-ejs": "^4.2.0",
      "koa-router": "^7.4.0",
      "koa-session": "^5.12.2",
      "koa-static": "^5.0.0",
      "mysql": "^2.17.1"
    }
  }

yarn manifest: 
  No manifest

Lockfile: 
  No lockfile
